<?xml version="1.0" encoding="UTF-8"?>
<testng-results skipped="0" failed="0" ignored="0" total="1" passed="1">
  <reporter-output>
  </reporter-output>
  <suite name="Default suite" duration-ms="26842" started-at="2020-07-26T11:20:35Z" finished-at="2020-07-26T11:21:02Z">
    <groups>
    </groups>
    <test name="Default test" duration-ms="26842" started-at="2020-07-26T11:20:35Z" finished-at="2020-07-26T11:21:02Z">
      <class name="TestSute1.enterDetailsHomePage">
        <test-method status="PASS" signature="OpenURL()[pri:0, instance:TestSute1.enterDetailsHomePage@1ce92674]" name="OpenURL" is-config="true" duration-ms="23408" started-at="2020-07-26T11:20:35Z" finished-at="2020-07-26T11:20:58Z">
          <reporter-output>
          </reporter-output>
        </test-method> <!-- OpenURL -->
        <test-method status="PASS" signature="enter_Values_FromDestination_Test()[pri:0, instance:TestSute1.enterDetailsHomePage@1ce92674]" name="enter_Values_FromDestination_Test" duration-ms="3373" started-at="2020-07-26T11:20:58Z" finished-at="2020-07-26T11:21:02Z">
          <reporter-output>
          </reporter-output>
        </test-method> <!-- enter_Values_FromDestination_Test -->
      </class> <!-- TestSute1.enterDetailsHomePage -->
    </test> <!-- Default test -->
  </suite> <!-- Default suite -->
</testng-results>
