<?xml version="1.0" encoding="UTF-8"?>
<testng-results skipped="0" failed="0" ignored="0" total="1" passed="1">
  <reporter-output>
  </reporter-output>
  <suite name="Default suite" duration-ms="36015" started-at="2020-07-28T20:45:50Z" finished-at="2020-07-28T20:46:26Z">
    <groups>
    </groups>
    <test name="Default test" duration-ms="36015" started-at="2020-07-28T20:45:50Z" finished-at="2020-07-28T20:46:26Z">
      <class name="TestSute1.enterDetailsHomePage">
        <test-method status="PASS" signature="OpenURL()[pri:0, instance:TestSute1.enterDetailsHomePage@1ce92674]" name="OpenURL" is-config="true" duration-ms="30217" started-at="2020-07-28T20:45:50Z" finished-at="2020-07-28T20:46:20Z">
          <reporter-output>
          </reporter-output>
        </test-method> <!-- OpenURL -->
        <test-method status="PASS" signature="SearchFlights_Test()[pri:0, instance:TestSute1.enterDetailsHomePage@1ce92674]" name="SearchFlights_Test" duration-ms="5747" started-at="2020-07-28T20:46:20Z" finished-at="2020-07-28T20:46:26Z">
          <reporter-output>
          </reporter-output>
        </test-method> <!-- SearchFlights_Test -->
      </class> <!-- TestSute1.enterDetailsHomePage -->
    </test> <!-- Default test -->
  </suite> <!-- Default suite -->
</testng-results>
